[19.01.23 08:44:09] Info: set_sost_to_log(Горная:1:1)	#перевод стрелки 1 в + ст. Горная
[19.01.23 08:44:09] Info: set_sost_to_log(Горная:2:1)	#перевод стрелки 2 в + ст. Горная
[19.01.23 08:44:09] Info: set_sost_to_log(Горная:3:1)	#перевод стрелки 3 в + ст. Горная
[19.01.23 08:44:09] Info: set_sost_to_log(Горная:4:1)	#перевод стрелки 4 в + ст. Горная
[19.01.23 08:44:09] Info: set_sost_to_log(Горная:Ч:1)	#включение сигнала К светофора Ч ст. Горная
[19.01.23 08:44:09] Info: set_sost_to_log(Горная:Н1:1)	#включение сигнала К светофора Н1 ст. Горная
[19.01.23 08:44:09] Info: set_sost_to_log(Горная:Н3:1)	#включение сигнала К светофора Н3 ст. Горная
[19.01.23 08:44:09] Info: set_sost_to_log(Горная:Н:1)	#включение сигнала К светофора Н ст. Горная
[19.01.23 08:44:09] Info: set_sost_to_log(Горная:Ч1:1)	#включение сигнала К светофора Ч1 ст. Горная
[19.01.23 08:44:09] Info: set_sost_to_log(Горная:Ч2:1)	#включение сигнала К светофора Ч2 ст. Горная
[19.01.23 08:44:09] Info: set_sost_to_log(Луговая:1:1)	#перевод стрелки 1 в + ст. Луговая
[19.01.23 08:44:09] Info: set_sost_to_log(Луговая:2:1)	#перевод стрелки 2 в + ст. Луговая
[19.01.23 08:44:09] Info: set_sost_to_log(Луговая:Ч:1)	#включение сигнала К светофора Ч ст. Луговая
[19.01.23 08:44:09] Info: set_sost_to_log(Луговая:Н1:1)	#включение сигнала К светофора Н1 ст. Луговая
[19.01.23 08:44:09] Info: set_sost_to_log(Луговая:Н2:1)	#включение сигнала К светофора Н2 ст. Луговая
[19.01.23 08:44:09] Info: set_sost_to_log(Луговая:Н:1)	#включение сигнала К светофора Н ст. Луговая
[19.01.23 08:44:09] Info: set_sost_to_log(Луговая:Ч1:1)	#включение сигнала К светофора Ч1 ст. Луговая
[19.01.23 08:44:09] Info: set_sost_to_log(Луговая:Ч2:1)	#включение сигнала К светофора Ч2 ст. Луговая
[19.01.23 08:44:13] Info: set_sost_to_log(Горная:1)	#
[19.01.23 08:44:13] Info: set_sost_to_log(Луговая:1)	#
[19.01.23 08:44:13] Info: set_sost_to_log(Горная-Луговая:1:1)	#включение сигнала К светофора 1 на перегоне АБ Горная-Луговая
[19.01.23 08:44:13] Info: set_sost_to_log(Горная-Луговая:2:1)	#включение сигнала К светофора 2 на перегоне АБ Горная-Луговая
[19.01.23 08:44:13] Info: set_sost_to_log(Горная-Луговая:3:1)	#включение сигнала К светофора 3 на перегоне АБ Горная-Луговая
[19.01.23 08:44:13] Info: set_sost_to_log(Горная-Луговая:4:1)	#включение сигнала К светофора 4 на перегоне АБ Горная-Луговая
[19.01.23 08:44:13] Info: set_sost_to_log(Горная-Луговая:1П:2)	#свободное состояние участка 1П перегона АБ Горная-Луговая
[19.01.23 08:44:13] Info: set_sost_to_log(Горная-Луговая:2П:2)	#свободное состояние участка 2П перегона АБ Горная-Луговая
[19.01.23 08:44:13] Info: set_sost_to_log(Горная-Луговая:3П:2)	#свободное состояние участка 3П перегона АБ Горная-Луговая
[19.01.23 08:44:13] Info: set_sost_to_log(Луговая-Горная:ЧН1:2)	#свободное состояние участка ЧН1 перегона ПАБ Луговая-Горная
[19.01.23 08:44:13] Info: set_sost_to_log(Луговая-Горная:ЧН2:2)	#свободное состояние участка ЧН2 перегона ПАБ Луговая-Горная
[19.01.23 08:44:13] Info: set_sost_to_log(Луговая-Горная:ЧН3:2)	#свободное состояние участка ЧН3 перегона ПАБ Луговая-Горная
[19.01.23 08:44:13] Info: set_sost_to_log(Горная:1:1)	#перевод стрелки 1 в + ст. Горная
[19.01.23 08:44:13] Info: set_sost_to_log(Горная:3:1)	#перевод стрелки 3 в + ст. Горная
[19.01.23 08:44:13] Info: set_sost_to_log(Горная:2:1)	#перевод стрелки 2 в + ст. Горная
[19.01.23 08:44:13] Info: set_sost_to_log(Горная:4:1)	#перевод стрелки 4 в + ст. Горная
[19.01.23 08:44:13] Info: set_sost_to_log(Горная:Ч:1)	#включение сигнала К светофора Ч ст. Горная
[19.01.23 08:44:13] Info: set_sost_to_log(Горная:Ч1:1)	#включение сигнала К светофора Ч1 ст. Горная
[19.01.23 08:44:13] Info: set_sost_to_log(Горная:Ч2:1)	#включение сигнала К светофора Ч2 ст. Горная
[19.01.23 08:44:13] Info: set_sost_to_log(Горная:Н:1)	#включение сигнала К светофора Н ст. Горная
[19.01.23 08:44:13] Info: set_sost_to_log(Горная:Н1:1)	#включение сигнала К светофора Н1 ст. Горная
[19.01.23 08:44:13] Info: set_sost_to_log(Горная:Н3:1)	#включение сигнала К светофора Н3 ст. Горная
[19.01.23 08:44:13] Info: set_sost_to_log(Горная:2-4СП:2)	#свободное состояние пути 1-3СП ст. Горная
[19.01.23 08:44:13] Info: set_sost_to_log(Горная:3П:2)	#свободное состояние пути 3П ст. Горная
[19.01.23 08:44:13] Info: set_sost_to_log(Горная:1П:2)	#свободное состояние пути 1П ст. Горная
[19.01.23 08:44:13] Info: set_sost_to_log(Горная:2П:2)	#свободное состояние пути 2П ст. Горная
[19.01.23 08:44:13] Info: set_sost_to_log(Горная:1-3СП:2)	#свободное состояние пути 1-3СП ст. Горная
[19.01.23 08:44:13] Info: set_sost_to_log(Луговая:1:1)	#перевод стрелки 1 в + ст. Луговая
[19.01.23 08:44:13] Info: set_sost_to_log(Луговая:2:1)	#перевод стрелки 2 в + ст. Луговая
[19.01.23 08:44:13] Info: set_sost_to_log(Луговая:Ч:1)	#включение сигнала К светофора Ч ст. Луговая
[19.01.23 08:44:13] Info: set_sost_to_log(Луговая:Ч1:1)	#включение сигнала К светофора Ч1 ст. Луговая
[19.01.23 08:44:13] Info: set_sost_to_log(Луговая:Ч2:1)	#включение сигнала К светофора Ч2 ст. Луговая
[19.01.23 08:44:13] Info: set_sost_to_log(Луговая:Н:1)	#включение сигнала К светофора Н ст. Луговая
[19.01.23 08:44:13] Info: set_sost_to_log(Луговая:Н1:1)	#включение сигнала К светофора Н1 ст. Луговая
[19.01.23 08:44:13] Info: set_sost_to_log(Луговая:Н2:1)	#включение сигнала К светофора Н2 ст. Луговая
[19.01.23 08:44:13] Info: set_sost_to_log(Луговая:1СП:2)	#свободное состояние пути 1СП ст. Луговая
[19.01.23 08:44:13] Info: set_sost_to_log(Луговая:2П:2)	#свободное состояние пути 2П ст. Луговая
[19.01.23 08:44:13] Info: set_sost_to_log(Луговая:1П:2)	#свободное состояние пути 1П ст. Луговая
[19.01.23 08:44:13] Info: set_sost_to_log(Луговая:2СП:2)	#свободное состояние пути 2СП ст. Луговая
[19.01.23 08:44:13] Info: set_sost_to_log(Горная:1П:1)	#занятое состояние пути 1П ст. Горная
[19.01.23 08:44:13] Info: set_sost_to_log(Горная-Луговая:2:0)	#выключение сигналов светофора 2 на перегоне АБ Горная-Луговая
[19.01.23 08:44:13] Info: set_sost_to_log(Горная-Луговая:4:0)	#выключение сигналов светофора 4 на перегоне АБ Горная-Луговая
[19.01.23 08:44:13] Info: set_sost_to_log(Горная-Луговая:1:2)	#включение сигнала Ж светофора 1 на перегоне АБ Горная-Луговая
[19.01.23 08:44:13] Info: set_sost_to_log(Горная-Луговая:3:3)	#включение сигнала З светофора 3 на перегоне АБ Горная-Луговая
[19.01.23 08:44:13] Info: set_sost_to_log(Горная-Луговая:СН:3)	#
[19.01.23 08:44:13] Info: set_sost_to_log(ПУЛЬТ_Горная:Н1)	#
[19.01.23 08:44:14] Info: set_sost_to_log(Горная:Н1:0)	#выключение сигналов светофора Н1 ст. Горная
[19.01.23 08:44:14] Info: set_sost_to_log(Горная:Н1:3)	#включение сигнала 3 светофора Н1 ст. Горная
[19.01.23 08:44:14] Info: set_sost_to_log(ПУЛЬТ_Горная:Ч)	#
[19.01.23 08:44:15] Info: set_sost_to_log(Горная:Т1П:1)	#включение тягового тока на 1П нечетное направление ст. Горная
[19.01.23 08:44:18] Info: set_sost_to_log(Горная-Луговая:1:3)	#включение сигнала З светофора 1 на перегоне АБ Горная-Луговая
[19.01.23 08:44:18] Info: set_sost_to_log(Горная-Луговая:1:3)	#включение сигнала З светофора 1 на перегоне АБ Горная-Луговая
[19.01.23 08:44:18] Info: set_sost_to_log(Луговая:Н:0)	#выключение сигналов светофора Н ст. Луговая
[19.01.23 08:44:18] Info: set_sost_to_log(Луговая:Н:8)	#выключение нижнего сигнала Ж светофора Н ст. Луговая
[19.01.23 08:44:18] Info: set_sost_to_log(Луговая:Н:2)	#включение верхнего сигнала Ж светофора Н ст. Луговая
[19.01.23 08:44:19] Info: set_sost_to_log(Горная:Т2-4СП:1)	#включение тягового тока на 2-4СП нечетное направление ст. Горная
[19.01.23 08:44:19] Info: set_sost_to_log(Горная:Н1:0)	#выключение сигналов светофора Н1 ст. Горная
[19.01.23 08:44:19] Info: set_sost_to_log(Горная:Н1:1)	#включение сигнала К светофора Н1 ст. Горная
[19.01.23 08:44:19] Info: set_sost_to_log(Горная:2-4СП:1)	#занятое состояние пути 1-3СП ст. Горная
[19.01.23 08:44:19] Info: set_sost_to_log(Горная:Т1П:0)	#выключение тягового тока на 1П ст. Горная
[19.01.23 08:44:19] Info: set_sost_to_log(Горная:1П:2)	#свободное состояние пути 1П ст. Горная
[19.01.23 08:44:21] Info: set_sost_to_log(Горная-Луговая:Т2П:1)	#включение тягового тока на 2П нечетное направление перегона АБ Горная-Луговая
[19.01.23 08:44:21] Info: set_sost_to_log(Горная-Луговая:2П:1)	#занятое состояние участка 2П перегона АБ Горная-Луговая
[19.01.23 08:44:22] Info: set_sost_to_log(Горная:Т2-4СП:0)	#выключение тягового тока на 2-4СП ст. Горная
[19.01.23 08:44:22] Info: set_sost_to_log(Горная:2-4СП:2)	#свободное состояние пути 1-3СП ст. Горная
[19.01.23 08:44:24] Info: set_sost_to_log(Горная-Луговая:Т3П:1)	#включение тягового тока на 3П нечетное направление перегона АБ Горная-Луговая
[19.01.23 08:44:24] Info: set_sost_to_log(Горная-Луговая:3:1)	#включение сигнала К светофора 3 на перегоне АБ Горная-Луговая
[19.01.23 08:44:24] Info: set_sost_to_log(Горная-Луговая:3П:1)	#занятое состояние участка 3П перегона АБ Горная-Луговая
[19.01.23 08:44:24] Info: set_sost_to_log(Горная-Луговая:Т2П:0)	#выключение тягового тока на 2П перегона АБ Горная-Луговая
[19.01.23 08:44:24] Info: set_sost_to_log(Горная-Луговая:2П:2)	#свободное состояние участка 2П перегона АБ Горная-Луговая
[19.01.23 08:44:26] Info: set_sost_to_log(Луговая:Н:0)	#выключение сигналов светофора Н ст. Луговая
[19.01.23 08:44:26] Info: set_sost_to_log(Луговая:Н:8)	#выключение нижнего сигнала Ж светофора Н ст. Луговая
[19.01.23 08:44:26] Info: set_sost_to_log(Луговая:Н:3)	#включение сигнала 3 светофора Н ст. Луговая
[19.01.23 08:44:26] Info: set_sost_to_log(Луговая:Н1:0)	#выключение сигналов светофора Н1 ст. Луговая
[19.01.23 08:44:26] Info: set_sost_to_log(Луговая:Н1:3)	#включение сигнала 3 светофора Н1 ст. Луговая
[19.01.23 08:44:26] Info: set_sost_to_log(Горная-Луговая:Т1П:1)	#включение тягового тока на 1П нечетное направление перегона АБ Горная-Луговая
[19.01.23 08:44:26] Info: set_sost_to_log(Горная-Луговая:1:1)	#включение сигнала К светофора 1 на перегоне АБ Горная-Луговая
[19.01.23 08:44:26] Info: set_sost_to_log(Горная-Луговая:3:2)	#включение сигнала Ж светофора 3 на перегоне АБ Горная-Луговая
[19.01.23 08:44:26] Info: set_sost_to_log(Горная-Луговая:1П:1)	#занятое состояние участка 1П перегона АБ Горная-Луговая
[19.01.23 08:44:27] Info: set_sost_to_log(Горная-Луговая:Т3П:0)	#выключение тягового тока на 3П перегона АБ Горная-Луговая
[19.01.23 08:44:27] Info: set_sost_to_log(Горная-Луговая:3:2)	#включение сигнала Ж светофора 3 на перегоне АБ Горная-Луговая
[19.01.23 08:44:27] Info: set_sost_to_log(Горная-Луговая:3П:2)	#свободное состояние участка 3П перегона АБ Горная-Луговая
[19.01.23 08:44:29] Info: set_sost_to_log(Луговая:Т1СП:1)	#включение тягового тока на 1СП нечетное направление ст. Луговая
[19.01.23 08:44:29] Info: set_sost_to_log(Луговая:Н:0)	#выключение сигналов светофора Н ст. Луговая
[19.01.23 08:44:29] Info: set_sost_to_log(Луговая:Н:8)	#выключение нижнего сигнала Ж светофора Н ст. Луговая
[19.01.23 08:44:29] Info: set_sost_to_log(Луговая:Н:1)	#включение сигнала К светофора Н ст. Луговая
[19.01.23 08:44:29] Info: set_sost_to_log(Луговая:1СП:1)	#занятое состояние пути 1СП ст. Луговая
[19.01.23 08:44:29] Info: set_sost_to_log(Горная-Луговая:Т1П:0)	#выключение тягового тока на 1П перегона АБ Горная-Луговая
[19.01.23 08:44:29] Info: set_sost_to_log(Горная-Луговая:1:2)	#включение сигнала Ж светофора 1 на перегоне АБ Горная-Луговая
[19.01.23 08:44:29] Info: set_sost_to_log(Горная-Луговая:3:3)	#включение сигнала З светофора 3 на перегоне АБ Горная-Луговая
[19.01.23 08:44:29] Info: set_sost_to_log(Горная-Луговая:1П:2)	#свободное состояние участка 1П перегона АБ Горная-Луговая
[19.01.23 08:44:30] Info: set_sost_to_log(Горная:Н:0)	#выключение сигналов светофора Н ст. Горная
[19.01.23 08:44:30] Info: set_sost_to_log(Горная:Н:8)	#выключение нижнего сигнала Ж светофора Н ст. Горная
[19.01.23 08:44:30] Info: set_sost_to_log(Горная:Н:2)	#включение верхнего сигнала Ж светофора Н ст. Горная
[19.01.23 08:44:31] Info: set_sost_to_log(Луговая:Т1П:1)	#включение тягового тока на 1П нечетное направление ст. Луговая
[19.01.23 08:44:31] Info: set_sost_to_log(Луговая:1П:1)	#занятое состояние пути 1П ст. Луговая
[19.01.23 08:44:32] Info: set_sost_to_log(Луговая:Т1СП:0)	#выключение тягового тока на 1СП ст. Луговая
[19.01.23 08:44:32] Info: set_sost_to_log(Горная-Луговая:2:0)	#выключение сигналов светофора 2 на перегоне АБ Горная-Луговая
[19.01.23 08:44:32] Info: set_sost_to_log(Горная-Луговая:4:0)	#выключение сигналов светофора 4 на перегоне АБ Горная-Луговая
[19.01.23 08:44:32] Info: set_sost_to_log(Горная-Луговая:1:2)	#включение сигнала Ж светофора 1 на перегоне АБ Горная-Луговая
[19.01.23 08:44:32] Info: set_sost_to_log(Горная-Луговая:3:3)	#включение сигнала З светофора 3 на перегоне АБ Горная-Луговая
[19.01.23 08:44:32] Info: set_sost_to_log(Горная-Луговая:2:0)	#выключение сигналов светофора 2 на перегоне АБ Горная-Луговая
[19.01.23 08:44:32] Info: set_sost_to_log(Горная-Луговая:4:0)	#выключение сигналов светофора 4 на перегоне АБ Горная-Луговая
[19.01.23 08:44:32] Info: set_sost_to_log(Горная-Луговая:1:2)	#включение сигнала Ж светофора 1 на перегоне АБ Горная-Луговая
[19.01.23 08:44:32] Info: set_sost_to_log(Горная-Луговая:3:3)	#включение сигнала З светофора 3 на перегоне АБ Горная-Луговая
[19.01.23 08:44:32] Info: set_sost_to_log(Луговая:1СП:2)	#свободное состояние пути 1СП ст. Луговая
[19.01.23 08:44:34] Info: set_sost_to_log(Луговая:Т2СП:1)	#включение тягового тока на 2СП нечетное направление ст. Луговая
[19.01.23 08:44:34] Info: set_sost_to_log(Луговая:Н1:0)	#выключение сигналов светофора Н1 ст. Луговая
[19.01.23 08:44:34] Info: set_sost_to_log(Луговая:Н1:1)	#включение сигнала К светофора Н1 ст. Луговая
[19.01.23 08:44:34] Info: set_sost_to_log(Луговая:2СП:1)	#занятое состояние пути 2СП ст. Луговая
[19.01.23 08:44:34] Info: set_sost_to_log(Луговая:Т1П:0)	#выключение тягового тока на 1П ст. Луговая
[19.01.23 08:44:34] Info: set_sost_to_log(Луговая:1П:2)	#свободное состояние пути 1П ст. Луговая
[19.01.23 08:44:36] Info: set_sost_to_log(Луговая-Горная:ТЧН2:1)	#включение тягового тока на ЧН2 нечетное направление перегона ПАБ Луговая-Горная
[19.01.23 08:44:36] Info: set_sost_to_log(Луговая-Горная:ЧН2:1)	#занятое состояние участка ЧН2 перегона ПАБ Луговая-Горная
[19.01.23 08:44:37] Info: set_sost_to_log(Луговая:Т2СП:0)	#выключение тягового тока на 2СП ст. Луговая
[19.01.23 08:44:37] Info: set_sost_to_log(Луговая:2СП:2)	#свободное состояние пути 2СП ст. Луговая
[19.01.23 08:44:39] Info: set_sost_to_log(Луговая-Горная:ТЧН3:1)	#включение тягового тока на ЧН3 нечетное направление перегона ПАБ Луговая-Горная
[19.01.23 08:44:39] Info: set_sost_to_log(Луговая-Горная:ЧН3:1)	#занятое состояние участка ЧН3 перегона ПАБ Луговая-Горная
[19.01.23 08:44:39] Info: set_sost_to_log(Луговая-Горная:ТЧН2:0)	#выключение тягового тока на ЧН2 перегона ПАБ Луговая-Горная
[19.01.23 08:44:39] Info: set_sost_to_log(Луговая-Горная:ЧН2:2)	#свободное состояние участка ЧН2 перегона ПАБ Луговая-Горная
[19.01.23 08:44:41] Info: set_sost_to_log(Луговая-Горная:ТЧН1:1)	#включение тягового тока на ЧН1 нечетное направление перегона ПАБ Луговая-Горная
[19.01.23 08:44:41] Info: set_sost_to_log(Луговая-Горная:ЧН1:1)	#занятое состояние участка ЧН1 перегона ПАБ Луговая-Горная
[19.01.23 08:44:42] Info: set_sost_to_log(Луговая-Горная:ТЧН3:0)	#выключение тягового тока на ЧН3 перегона ПАБ Луговая-Горная
[19.01.23 08:44:42] Info: set_sost_to_log(Луговая-Горная:ЧН3:2)	#свободное состояние участка ЧН3 перегона ПАБ Луговая-Горная
[19.01.23 08:44:44] Info: set_sost_to_log(Горная:Т1-3СП:1)	#включение тягового тока на 1-3СП нечетное направление ст. Горная
[19.01.23 08:44:44] Info: set_sost_to_log(Горная:Н:0)	#выключение сигналов светофора Н ст. Горная
[19.01.23 08:44:44] Info: set_sost_to_log(Горная:Н:8)	#выключение нижнего сигнала Ж светофора Н ст. Горная
[19.01.23 08:44:44] Info: set_sost_to_log(Горная:Н:1)	#включение сигнала К светофора Н ст. Горная
[19.01.23 08:44:44] Info: set_sost_to_log(Горная:1-3СП:1)	#занятое состояние пути 1-3СП ст. Горная
[19.01.23 08:44:44] Info: set_sost_to_log(Луговая-Горная:ТЧН1:0)	#выключение тягового тока на ЧН1 перегона ПАБ Луговая-Горная
[19.01.23 08:44:44] Info: set_sost_to_log(Луговая-Горная:ЧН1:2)	#свободное состояние участка ЧН1 перегона ПАБ Луговая-Горная
[19.01.23 08:44:46] Info: set_sost_to_log(Горная:Т1П:1)	#включение тягового тока на 1П нечетное направление ст. Горная
[19.01.23 08:44:46] Info: set_sost_to_log(Горная:1П:1)	#занятое состояние пути 1П ст. Горная
[19.01.23 08:44:47] Info: set_sost_to_log(Горная:Т1-3СП:0)	#выключение тягового тока на 1-3СП ст. Горная
[19.01.23 08:44:47] Info: set_sost_to_log(Горная:1-3СП:2)	#свободное состояние пути 1-3СП ст. Горная
[19.01.23 08:44:48] Info: set_sost_to_log(Горная:Т1П:0)	#выключение тягового тока на 1П ст. Горная
[19.01.23 08:44:51] Info: Application exit. Return code = 0.
