[24.01.23 10:27:55] Info: set_sost_to_log(Горная:1:1)	#перевод стрелки 1 в + ст. Горная
[24.01.23 10:27:55] Info: set_sost_to_log(Горная:2:1)	#перевод стрелки 2 в + ст. Горная
[24.01.23 10:27:55] Info: set_sost_to_log(Горная:3:1)	#перевод стрелки 3 в + ст. Горная
[24.01.23 10:27:55] Info: set_sost_to_log(Горная:4:1)	#перевод стрелки 4 в + ст. Горная
[24.01.23 10:27:55] Info: set_sost_to_log(Горная:Ч:1)	#включение сигнала К светофора Ч ст. Горная
[24.01.23 10:27:55] Info: set_sost_to_log(Горная:Н1:1)	#включение сигнала К светофора Н1 ст. Горная
[24.01.23 10:27:55] Info: set_sost_to_log(Горная:Н3:1)	#включение сигнала К светофора Н3 ст. Горная
[24.01.23 10:27:55] Info: set_sost_to_log(Горная:Н:1)	#включение сигнала К светофора Н ст. Горная
[24.01.23 10:27:55] Info: set_sost_to_log(Горная:Ч1:1)	#включение сигнала К светофора Ч1 ст. Горная
[24.01.23 10:27:55] Info: set_sost_to_log(Горная:Ч2:1)	#включение сигнала К светофора Ч2 ст. Горная
[24.01.23 10:27:55] Info: set_sost_to_log(Луговая:1:1)	#перевод стрелки 1 в + ст. Луговая
[24.01.23 10:27:55] Info: set_sost_to_log(Луговая:2:1)	#перевод стрелки 2 в + ст. Луговая
[24.01.23 10:27:55] Info: set_sost_to_log(Луговая:Ч:1)	#включение сигнала К светофора Ч ст. Луговая
[24.01.23 10:27:55] Info: set_sost_to_log(Луговая:Н1:1)	#включение сигнала К светофора Н1 ст. Луговая
[24.01.23 10:27:55] Info: set_sost_to_log(Луговая:Н2:1)	#включение сигнала К светофора Н2 ст. Луговая
[24.01.23 10:27:55] Info: set_sost_to_log(Луговая:Н:1)	#включение сигнала К светофора Н ст. Луговая
[24.01.23 10:27:55] Info: set_sost_to_log(Луговая:Ч1:1)	#включение сигнала К светофора Ч1 ст. Луговая
[24.01.23 10:27:55] Info: set_sost_to_log(Луговая:Ч2:1)	#включение сигнала К светофора Ч2 ст. Луговая
[24.01.23 10:28:03] Info: set_sost_to_log(Горная:1)	#
[24.01.23 10:28:03] Info: set_sost_to_log(Луговая:1)	#
[24.01.23 10:28:03] Info: set_sost_to_log(Горная-Луговая:1:1)	#включение сигнала К светофора 1 на перегоне АБ Горная-Луговая
[24.01.23 10:28:03] Info: set_sost_to_log(Горная-Луговая:2:1)	#включение сигнала К светофора 2 на перегоне АБ Горная-Луговая
[24.01.23 10:28:03] Info: set_sost_to_log(Горная-Луговая:3:1)	#включение сигнала К светофора 3 на перегоне АБ Горная-Луговая
[24.01.23 10:28:03] Info: set_sost_to_log(Горная-Луговая:4:1)	#включение сигнала К светофора 4 на перегоне АБ Горная-Луговая
[24.01.23 10:28:03] Info: set_sost_to_log(Горная-Луговая:1П:2)	#свободное состояние участка 1П перегона АБ Горная-Луговая
[24.01.23 10:28:03] Info: set_sost_to_log(Горная-Луговая:2П:2)	#свободное состояние участка 2П перегона АБ Горная-Луговая
[24.01.23 10:28:03] Info: set_sost_to_log(Горная-Луговая:3П:2)	#свободное состояние участка 3П перегона АБ Горная-Луговая
[24.01.23 10:28:03] Info: set_sost_to_log(Луговая-Горная:ЧН1:2)	#свободное состояние участка ЧН1 перегона ПАБ Луговая-Горная
[24.01.23 10:28:03] Info: set_sost_to_log(Луговая-Горная:ЧН2:2)	#свободное состояние участка ЧН2 перегона ПАБ Луговая-Горная
[24.01.23 10:28:03] Info: set_sost_to_log(Луговая-Горная:ЧН3:2)	#свободное состояние участка ЧН3 перегона ПАБ Луговая-Горная
[24.01.23 10:28:03] Info: set_sost_to_log(Горная:1:1)	#перевод стрелки 1 в + ст. Горная
[24.01.23 10:28:03] Info: set_sost_to_log(Горная:3:1)	#перевод стрелки 3 в + ст. Горная
[24.01.23 10:28:03] Info: set_sost_to_log(Горная:2:1)	#перевод стрелки 2 в + ст. Горная
[24.01.23 10:28:03] Info: set_sost_to_log(Горная:4:1)	#перевод стрелки 4 в + ст. Горная
[24.01.23 10:28:03] Info: set_sost_to_log(Горная:Ч:1)	#включение сигнала К светофора Ч ст. Горная
[24.01.23 10:28:03] Info: set_sost_to_log(Горная:Ч1:1)	#включение сигнала К светофора Ч1 ст. Горная
[24.01.23 10:28:03] Info: set_sost_to_log(Горная:Ч2:1)	#включение сигнала К светофора Ч2 ст. Горная
[24.01.23 10:28:03] Info: set_sost_to_log(Горная:Н:1)	#включение сигнала К светофора Н ст. Горная
[24.01.23 10:28:03] Info: set_sost_to_log(Горная:Н1:1)	#включение сигнала К светофора Н1 ст. Горная
[24.01.23 10:28:03] Info: set_sost_to_log(Горная:Н3:1)	#включение сигнала К светофора Н3 ст. Горная
[24.01.23 10:28:03] Info: set_sost_to_log(Горная:2-4СП:2)	#свободное состояние пути 1-3СП ст. Горная
[24.01.23 10:28:03] Info: set_sost_to_log(Горная:3П:2)	#свободное состояние пути 3П ст. Горная
[24.01.23 10:28:03] Info: set_sost_to_log(Горная:1П:2)	#свободное состояние пути 1П ст. Горная
[24.01.23 10:28:03] Info: set_sost_to_log(Горная:2П:2)	#свободное состояние пути 2П ст. Горная
[24.01.23 10:28:03] Info: set_sost_to_log(Горная:1-3СП:2)	#свободное состояние пути 1-3СП ст. Горная
[24.01.23 10:28:03] Info: set_sost_to_log(Луговая:1:1)	#перевод стрелки 1 в + ст. Луговая
[24.01.23 10:28:03] Info: set_sost_to_log(Луговая:2:1)	#перевод стрелки 2 в + ст. Луговая
[24.01.23 10:28:03] Info: set_sost_to_log(Луговая:Ч:1)	#включение сигнала К светофора Ч ст. Луговая
[24.01.23 10:28:03] Info: set_sost_to_log(Луговая:Ч1:1)	#включение сигнала К светофора Ч1 ст. Луговая
[24.01.23 10:28:03] Info: set_sost_to_log(Луговая:Ч2:1)	#включение сигнала К светофора Ч2 ст. Луговая
[24.01.23 10:28:03] Info: set_sost_to_log(Луговая:Н:1)	#включение сигнала К светофора Н ст. Луговая
[24.01.23 10:28:03] Info: set_sost_to_log(Луговая:Н1:1)	#включение сигнала К светофора Н1 ст. Луговая
[24.01.23 10:28:03] Info: set_sost_to_log(Луговая:Н2:1)	#включение сигнала К светофора Н2 ст. Луговая
[24.01.23 10:28:03] Info: set_sost_to_log(Луговая:1СП:2)	#свободное состояние пути 1СП ст. Луговая
[24.01.23 10:28:03] Info: set_sost_to_log(Луговая:2П:2)	#свободное состояние пути 2П ст. Луговая
[24.01.23 10:28:03] Info: set_sost_to_log(Луговая:1П:2)	#свободное состояние пути 1П ст. Луговая
[24.01.23 10:28:03] Info: set_sost_to_log(Луговая:2СП:2)	#свободное состояние пути 2СП ст. Луговая
[24.01.23 10:28:03] Info: set_sost_to_log(Горная:1П:1)	#занятое состояние пути 1П ст. Горная
[24.01.23 10:28:03] Info: set_sost_to_log(Горная-Луговая:2:0)	#выключение сигналов светофора 2 на перегоне АБ Горная-Луговая
[24.01.23 10:28:03] Info: set_sost_to_log(Горная-Луговая:4:0)	#выключение сигналов светофора 4 на перегоне АБ Горная-Луговая
[24.01.23 10:28:03] Info: set_sost_to_log(Горная-Луговая:1:2)	#включение сигнала Ж светофора 1 на перегоне АБ Горная-Луговая
[24.01.23 10:28:03] Info: set_sost_to_log(Горная-Луговая:3:3)	#включение сигнала З светофора 3 на перегоне АБ Горная-Луговая
[24.01.23 10:28:03] Info: set_sost_to_log(Горная-Луговая:СН:3)	#
[24.01.23 10:28:04] Info: set_sost_to_log(ПУЛЬТ_Горная:Н1)	#
[24.01.23 10:28:04] Info: set_sost_to_log(Горная:Н1:0)	#выключение сигналов светофора Н1 ст. Горная
[24.01.23 10:28:04] Info: set_sost_to_log(Горная:Н1:3)	#включение сигнала 3 светофора Н1 ст. Горная
[24.01.23 10:28:04] Info: set_sost_to_log(ПУЛЬТ_Горная:Ч)	#
[24.01.23 10:28:05] Info: set_sost_to_log(Горная:Т1П:1)	#включение тягового тока на 1П нечетное направление ст. Горная
[24.01.23 10:28:09] Info: set_sost_to_log(Горная:Т2-4СП:1)	#включение тягового тока на 2-4СП нечетное направление ст. Горная
[24.01.23 10:28:09] Info: set_sost_to_log(Горная:Н1:0)	#выключение сигналов светофора Н1 ст. Горная
[24.01.23 10:28:09] Info: set_sost_to_log(Горная:Н1:1)	#включение сигнала К светофора Н1 ст. Горная
[24.01.23 10:28:09] Info: set_sost_to_log(Горная:2-4СП:1)	#занятое состояние пути 1-3СП ст. Горная
[24.01.23 10:28:10] Info: set_sost_to_log(Горная:Т1П:0)	#выключение тягового тока на 1П ст. Горная
[24.01.23 10:28:10] Info: set_sost_to_log(Горная:1П:2)	#свободное состояние пути 1П ст. Горная
[24.01.23 10:28:12] Info: set_sost_to_log(Горная-Луговая:Т2П:1)	#включение тягового тока на 2П нечетное направление перегона АБ Горная-Луговая
[24.01.23 10:28:12] Info: set_sost_to_log(Горная-Луговая:2П:1)	#занятое состояние участка 2П перегона АБ Горная-Луговая
[24.01.23 10:28:12] Info: set_sost_to_log(Горная:Т2-4СП:0)	#выключение тягового тока на 2-4СП ст. Горная
[24.01.23 10:28:12] Info: set_sost_to_log(Горная:2-4СП:2)	#свободное состояние пути 1-3СП ст. Горная
[24.01.23 10:28:14] Info: set_sost_to_log(Горная-Луговая:Т3П:1)	#включение тягового тока на 3П нечетное направление перегона АБ Горная-Луговая
[24.01.23 10:28:14] Info: set_sost_to_log(Горная-Луговая:3:1)	#включение сигнала К светофора 3 на перегоне АБ Горная-Луговая
[24.01.23 10:28:14] Info: set_sost_to_log(Горная-Луговая:3П:1)	#занятое состояние участка 3П перегона АБ Горная-Луговая
[24.01.23 10:28:15] Info: set_sost_to_log(Горная-Луговая:Т2П:0)	#выключение тягового тока на 2П перегона АБ Горная-Луговая
[24.01.23 10:28:15] Info: set_sost_to_log(Горная-Луговая:2П:2)	#свободное состояние участка 2П перегона АБ Горная-Луговая
[24.01.23 10:28:17] Info: set_sost_to_log(Горная-Луговая:Т1П:1)	#включение тягового тока на 1П нечетное направление перегона АБ Горная-Луговая
[24.01.23 10:28:17] Info: set_sost_to_log(Горная-Луговая:1:1)	#включение сигнала К светофора 1 на перегоне АБ Горная-Луговая
[24.01.23 10:28:17] Info: set_sost_to_log(Горная-Луговая:3:2)	#включение сигнала Ж светофора 3 на перегоне АБ Горная-Луговая
[24.01.23 10:28:17] Info: set_sost_to_log(Горная-Луговая:1П:1)	#занятое состояние участка 1П перегона АБ Горная-Луговая
[24.01.23 10:28:17] Info: set_sost_to_log(Горная-Луговая:Т3П:0)	#выключение тягового тока на 3П перегона АБ Горная-Луговая
[24.01.23 10:28:17] Info: set_sost_to_log(Горная-Луговая:3:2)	#включение сигнала Ж светофора 3 на перегоне АБ Горная-Луговая
[24.01.23 10:28:17] Info: set_sost_to_log(Горная-Луговая:3П:2)	#свободное состояние участка 3П перегона АБ Горная-Луговая
[24.01.23 10:28:19] Info: set_sost_to_log(Луговая:Т1СП:1)	#включение тягового тока на 1СП нечетное направление ст. Луговая
[24.01.23 10:28:19] Info: set_sost_to_log(Луговая:1СП:1)	#занятое состояние пути 1СП ст. Луговая
[24.01.23 10:28:19] Info: set_sost_to_log(Горная-Луговая:Т1П:0)	#выключение тягового тока на 1П перегона АБ Горная-Луговая
[24.01.23 10:28:20] Info: set_sost_to_log(Горная-Луговая:Т1П:0)	#выключение тягового тока на 1П перегона АБ Горная-Луговая
[24.01.23 10:28:20] Info: set_sost_to_log(Горная-Луговая:1:2)	#включение сигнала Ж светофора 1 на перегоне АБ Горная-Луговая
[24.01.23 10:28:20] Info: set_sost_to_log(Горная-Луговая:3:3)	#включение сигнала З светофора 3 на перегоне АБ Горная-Луговая
[24.01.23 10:28:20] Info: set_sost_to_log(Горная-Луговая:1П:2)	#свободное состояние участка 1П перегона АБ Горная-Луговая
[24.01.23 10:28:22] Info: set_sost_to_log(Луговая:Т1П:1)	#включение тягового тока на 1П нечетное направление ст. Луговая
[24.01.23 10:28:22] Info: set_sost_to_log(Луговая:1П:1)	#занятое состояние пути 1П ст. Луговая
[24.01.23 10:28:22] Info: set_sost_to_log(Луговая:Т1СП:0)	#выключение тягового тока на 1СП ст. Луговая
[24.01.23 10:28:22] Info: set_sost_to_log(Горная-Луговая:2:0)	#выключение сигналов светофора 2 на перегоне АБ Горная-Луговая
[24.01.23 10:28:22] Info: set_sost_to_log(Горная-Луговая:4:0)	#выключение сигналов светофора 4 на перегоне АБ Горная-Луговая
[24.01.23 10:28:22] Info: set_sost_to_log(Горная-Луговая:1:2)	#включение сигнала Ж светофора 1 на перегоне АБ Горная-Луговая
[24.01.23 10:28:22] Info: set_sost_to_log(Горная-Луговая:3:3)	#включение сигнала З светофора 3 на перегоне АБ Горная-Луговая
[24.01.23 10:28:22] Info: set_sost_to_log(Горная-Луговая:2:0)	#выключение сигналов светофора 2 на перегоне АБ Горная-Луговая
[24.01.23 10:28:22] Info: set_sost_to_log(Горная-Луговая:4:0)	#выключение сигналов светофора 4 на перегоне АБ Горная-Луговая
[24.01.23 10:28:22] Info: set_sost_to_log(Горная-Луговая:1:2)	#включение сигнала Ж светофора 1 на перегоне АБ Горная-Луговая
[24.01.23 10:28:22] Info: set_sost_to_log(Горная-Луговая:3:3)	#включение сигнала З светофора 3 на перегоне АБ Горная-Луговая
[24.01.23 10:28:22] Info: set_sost_to_log(Луговая:1СП:2)	#свободное состояние пути 1СП ст. Луговая
[24.01.23 10:28:24] Info: set_sost_to_log(Луговая:Т1П:0)	#выключение тягового тока на 1П ст. Луговая
[24.01.23 10:28:24] Info: set_sost_to_log(Луговая:2СП:1)	#занятое состояние пути 2СП ст. Луговая
[24.01.23 10:28:25] Info: set_sost_to_log(Луговая:Т1П:0)	#выключение тягового тока на 1П ст. Луговая
[24.01.23 10:28:25] Info: set_sost_to_log(Луговая:1П:2)	#свободное состояние пути 1П ст. Луговая
[24.01.23 10:28:27] Info: set_sost_to_log(Луговая-Горная:ЧН2:1)	#занятое состояние участка ЧН2 перегона ПАБ Луговая-Горная
[24.01.23 10:28:27] Info: set_sost_to_log(Луговая:Т2СП:0)	#выключение тягового тока на 2СП ст. Луговая
[24.01.23 10:28:27] Info: set_sost_to_log(Луговая:2СП:2)	#свободное состояние пути 2СП ст. Луговая
[24.01.23 10:28:29] Info: set_sost_to_log(Луговая-Горная:ЧН3:1)	#занятое состояние участка ЧН3 перегона ПАБ Луговая-Горная
[24.01.23 10:28:30] Info: set_sost_to_log(Луговая-Горная:ЧН2:2)	#свободное состояние участка ЧН2 перегона ПАБ Луговая-Горная
[24.01.23 10:28:32] Info: set_sost_to_log(Луговая-Горная:ЧН1:1)	#занятое состояние участка ЧН1 перегона ПАБ Луговая-Горная
[24.01.23 10:28:32] Info: set_sost_to_log(Луговая-Горная:ЧН3:2)	#свободное состояние участка ЧН3 перегона ПАБ Луговая-Горная
[24.01.23 10:28:34] Info: set_sost_to_log(Горная:1-3СП:1)	#занятое состояние пути 1-3СП ст. Горная
[24.01.23 10:28:35] Info: set_sost_to_log(Луговая-Горная:ЧН1:2)	#свободное состояние участка ЧН1 перегона ПАБ Луговая-Горная
[24.01.23 10:28:37] Info: set_sost_to_log(Горная:Т1П:1)	#включение тягового тока на 1П нечетное направление ст. Горная
[24.01.23 10:28:37] Info: set_sost_to_log(Горная:1П:1)	#занятое состояние пути 1П ст. Горная
[24.01.23 10:28:37] Info: set_sost_to_log(Горная:Т1-3СП:0)	#выключение тягового тока на 1-3СП ст. Горная
[24.01.23 10:28:37] Info: set_sost_to_log(Горная:1-3СП:2)	#свободное состояние пути 1-3СП ст. Горная
[24.01.23 10:28:39] Info: set_sost_to_log(Горная:Т1П:0)	#выключение тягового тока на 1П ст. Горная
[24.01.23 10:29:01] Info: set_sost_to_log(Горная:Н1:0)	#выключение сигналов светофора Н1 ст. Горная
[24.01.23 10:29:01] Info: set_sost_to_log(Горная:Н1:3)	#включение сигнала 3 светофора Н1 ст. Горная
[24.01.23 10:29:02] Info: set_sost_to_log(Горная:Т1П:1)	#включение тягового тока на 1П нечетное направление ст. Горная
[24.01.23 10:29:04] Info: Application exit. Return code = 0.
